#
# A fatal error has been detected by the Java Runtime Environment:
#
#  EXCEPTION_ACCESS_VIOLATION (0xc0000005) at pc=0x0000023daafd1066, pid=14040, tid=0x00000000000053e0
#
# JRE version: OpenJDK Runtime Environment (8.0_402-b06) (build 1.8.0_402-b06)
# Java VM: OpenJDK 64-Bit Server VM (25.402-b06 mixed mode windows-amd64 compressed oops)
# Problematic frame:
# C  [OpenAL64.dll+0x11066]
#
# Failed to write core dump. Minidumps are not enabled by default on client versions of Windows
#
# If you would like to submit a bug report, please visit:
#   https://github.com/adoptium/adoptium-support/issues
# The crash happened outside the Java Virtual Machine in native code.
# See problematic frame for where to report the bug.
#

---------------  T H R E A D  ---------------

Current thread (0x0000023d8d46c800):  JavaThread "main" [_thread_in_native, id=21472, stack(0x000000b260c00000,0x000000b260d00000)]

siginfo: ExceptionCode=0xc0000005, reading address 0x0000023da8716004

Registers:
RAX=0x0000000000020003, RBX=0x0000023dab1c0090, RCX=0x0000023da8716008, RDX=0x0000023da8716004
RSP=0x000000b260cfc3a0, RBP=0x00000000000000ff, RSI=0x0000023da870dc4c, RDI=0x0000000000000000
R8 =0x00000000000020ee, R9 =0x0000023da870dc4c, R10=0x0000023d8ef49622, R11=0x0000000064868ff0
R12=0x0000000000000001, R13=0x0000023daab72ae0, R14=0x000000b260cfc540, R15=0x0000023d8d46c800
RIP=0x0000023daafd1066, EFLAGS=0x0000000000010202

Top of Stack: (sp=0x000000b260cfc3a0)
0x000000b260cfc3a0:   0000000000000000 0000023d8d46c800
0x000000b260cfc3b0:   000000b260cfc540 0000023daab72ae0
0x000000b260cfc3c0:   0000023daab72ae0 0000000000000000
0x000000b260cfc3d0:   0000023d8d46c800 0000000000000000
0x000000b260cfc3e0:   000000b260cfc508 00000000646ff2bb
0x000000b260cfc3f0:   000000b260cfc420 0000023d8ef8a2d3
0x000000b260cfc400:   0000023d8d4265e0 0000023d8d46cdf0
0x000000b260cfc410:   0000023d8d46c800 000000b260cfc540
0x000000b260cfc420:   0000023daab72ae0 0000000000000000
0x000000b260cfc430:   0000023da870dc4c 0000000000000248
0x000000b260cfc440:   000000b260cfc508 0000023daafd248f
0x000000b260cfc450:   0000023dab1c0090 0000023dab1c0090
0x000000b260cfc460:   0000023d0000ac44 0000023d00020003
0x000000b260cfc470:   0000023d8ef37bd0 0000023d8ef4964e
0x000000b260cfc480:   0000023daab72ae0 0000000000000248
0x000000b260cfc490:   0000023d8ef37bd0 0000023d8ef4935b 

Instructions: (pc=0x0000023daafd1066)
0x0000023daafd1046:   41 2b ec 81 3a 03 00 02 00 75 09 8b 01 89 84 24
0x0000023daafd1056:   c8 00 00 00 49 83 c0 02 48 83 c1 08 4a 8d 14 86
0x0000023daafd1066:   39 3a 75 af 4c 8d 84 24 c0 00 00 00 48 8d 15 d7
0x0000023daafd1076:   2b 03 00 33 c9 e8 58 5f 00 00 b8 40 1f 00 00 4c 


Register to memory mapping:

RAX=0x0000000000020003 is an unknown value
RBX=0x0000023dab1c0090 is an unknown value
RCX=0x0000023da8716008 is an unknown value
RDX=0x0000023da8716004 is an unknown value
RSP=0x000000b260cfc3a0 is pointing into the stack for thread: 0x0000023d8d46c800
RBP=0x00000000000000ff is an unknown value
RSI=0x0000023da870dc4c is an unknown value
RDI=0x0000000000000000 is an unknown value
R8 =0x00000000000020ee is an unknown value
R9 =0x0000023da870dc4c is an unknown value
R10=0x0000023d8ef49622 is at code_begin+962 in an Interpreter codelet
method entry point (kind = native)  [0x0000023d8ef49260, 0x0000023d8ef49d00]  2720 bytes
R11=0x0000000064868ff0 is an unknown value
R12=0x0000000000000001 is an unknown value
R13={method} {0x0000023daab72ae8} 'nalcCreateContext' '(JJ)J' in 'org/lwjgl/openal/ALC10'
R14=0x000000b260cfc540 is pointing into the stack for thread: 0x0000023d8d46c800
R15=0x0000023d8d46c800 is a thread


Stack: [0x000000b260c00000,0x000000b260d00000],  sp=0x000000b260cfc3a0,  free space=1008k
Native frames: (J=compiled Java code, j=interpreted, Vv=VM code, C=native code)
C  [OpenAL64.dll+0x11066]
C  [OpenAL64.dll+0x1248f]
C  0x0000023d8ef4964e

Java frames: (J=compiled Java code, j=interpreted, Vv=VM code)
j  org.lwjgl.openal.ALC10.nalcCreateContext(JJ)J+0
j  org.lwjgl.openal.ALC10.alcCreateContext(Lorg/lwjgl/openal/ALCdevice;Ljava/nio/IntBuffer;)Lorg/lwjgl/openal/ALCcontext;+8
j  org.lwjgl.openal.AL.init(Ljava/lang/String;IIZZ)V+69
j  org.lwjgl.openal.AL.create(Ljava/lang/String;IIZZ)V+246
j  org.lwjgl.openal.AL.create(Ljava/lang/String;IIZ)V+5
j  org.lwjgl.openal.AL.create()V+6
j  com.badlogic.gdx.backends.lwjgl.audio.OpenALAudio.<init>(III)V+114
j  com.badlogic.gdx.backends.lwjgl.LwjglApplication.<init>(Lcom/badlogic/gdx/ApplicationListener;Lcom/badlogic/gdx/backends/lwjgl/LwjglApplicationConfiguration;Lcom/badlogic/gdx/backends/lwjgl/LwjglGraphics;)V+120
j  com.badlogic.gdx.backends.lwjgl.LwjglApplication.<init>(Lcom/badlogic/gdx/ApplicationListener;Lcom/badlogic/gdx/backends/lwjgl/LwjglApplicationConfiguration;)V+11
j  org.uqbar.project.wollok.game.gameboard.WollokGDXApplication.<init>(Lorg/uqbar/project/wollok/game/gameboard/Gameboard;Ljava/lang/Boolean;)V+17
j  org.uqbar.project.wollok.game.helpers.Application.start(Lorg/uqbar/project/wollok/game/gameboard/Gameboard;Ljava/lang/Boolean;)V+5
j  org.uqbar.project.wollok.game.gameboard.Gameboard.start(Ljava/lang/Boolean;)V+13
j  wollok.game.GameObject.doStart(Ljava/lang/Boolean;)V+12
v  ~StubRoutines::call_stub
j  sun.reflect.NativeMethodAccessorImpl.invoke0(Ljava/lang/reflect/Method;Ljava/lang/Object;[Ljava/lang/Object;)Ljava/lang/Object;+0
j  sun.reflect.NativeMethodAccessorImpl.invoke(Ljava/lang/Object;[Ljava/lang/Object;)Ljava/lang/Object;+100
J 2939 C1 sun.reflect.DelegatingMethodAccessorImpl.invoke(Ljava/lang/Object;[Ljava/lang/Object;)Ljava/lang/Object; (10 bytes) @ 0x0000023d8fa60a04 [0x0000023d8fa60900+0x104]
J 2938 C1 java.lang.reflect.Method.invoke(Ljava/lang/Object;[Ljava/lang/Object;)Ljava/lang/Object; (62 bytes) @ 0x0000023d8fa619ec [0x0000023d8fa61600+0x3ec]
j  org.uqbar.project.wollok.ui.utils.XTendUtilExtensions.invokeConvertingArgs(Ljava/lang/reflect/Method;Ljava/lang/Object;[Ljava/lang/Object;)Lorg/uqbar/project/wollok/interpreter/core/WollokObject;+261
j  org.uqbar.project.wollok.interpreter.AbstractWollokCallable._invokeNative(Ljava/lang/Object;Ljava/lang/String;[Lorg/uqbar/project/wollok/interpreter/core/WollokObject;)Lorg/uqbar/project/wollok/interpreter/core/WollokObject;+41
j  org.uqbar.project.wollok.interpreter.AbstractWollokCallable.invokeNative(Ljava/lang/Object;Ljava/lang/String;[Lorg/uqbar/project/wollok/interpreter/core/WollokObject;)Lorg/uqbar/project/wollok/interpreter/core/WollokObject;+26
j  org.uqbar.project.wollok.interpreter.AbstractWollokCallable$1.apply()Lorg/uqbar/project/wollok/interpreter/core/WollokObject;+55
j  org.uqbar.project.wollok.interpreter.AbstractWollokCallable$1.apply()Ljava/lang/Object;+1
j  org.uqbar.project.wollok.interpreter.threads.WThread.performOnStack(Lorg/eclipse/emf/ecore/EObject;Lorg/uqbar/project/wollok/interpreter/context/EvaluationContext;Lorg/eclipse/xtext/xbase/lib/Functions$Function0;)Lorg/uqbar/project/wollok/interpreter/core/WollokObject;+29
j  org.uqbar.project.wollok.interpreter.WollokInterpreter.performOnStack(Lorg/eclipse/emf/ecore/EObject;Lorg/uqbar/project/wollok/interpreter/context/EvaluationContext;Lorg/eclipse/xtext/xbase/lib/Functions$Function0;)Lorg/uqbar/project/wollok/interpreter/core/WollokObject;+7
j  org.uqbar.project.wollok.interpreter.AbstractWollokCallable.call(Lorg/uqbar/project/wollok/wollokDsl/WMethodDeclaration;[Lorg/uqbar/project/wollok/interpreter/core/WollokObject;)Lorg/uqbar/project/wollok/interpreter/core/WollokObject;+38
j  org.uqbar.project.wollok.interpreter.core.WollokObject.call(Ljava/lang/String;[Lorg/uqbar/project/wollok/interpreter/core/WollokObject;)Lorg/uqbar/project/wollok/interpreter/core/WollokObject;+55
j  org.uqbar.project.wollok.interpreter.WollokInterpreterEvaluator._evaluate(Lorg/uqbar/project/wollok/wollokDsl/WFeatureCall;)Lorg/uqbar/project/wollok/interpreter/core/WollokObject;+119
j  org.uqbar.project.wollok.launch.WollokLauncherInterpreterEvaluator.evaluate(Lorg/eclipse/emf/ecore/EObject;)Lorg/uqbar/project/wollok/interpreter/core/WollokObject;+412
j  org.uqbar.project.wollok.interpreter.WollokInterpreterEvaluator.evaluate(Lorg/eclipse/emf/ecore/EObject;)Ljava/lang/Object;+2
j  org.uqbar.project.wollok.interpreter.WollokInterpreter.eval(Lorg/eclipse/emf/ecore/EObject;)Lorg/uqbar/project/wollok/interpreter/core/WollokObject;+63
j  org.uqbar.project.wollok.interpreter.WollokInterpreterEvaluator.eval(Lorg/eclipse/emf/ecore/EObject;)Lorg/uqbar/project/wollok/interpreter/core/WollokObject;+5
j  org.uqbar.project.wollok.interpreter.WollokInterpreterEvaluator$1.apply(Lorg/uqbar/project/wollok/interpreter/core/WollokObject;Lorg/eclipse/emf/ecore/EObject;)Lorg/uqbar/project/wollok/interpreter/core/WollokObject;+5
j  org.uqbar.project.wollok.interpreter.WollokInterpreterEvaluator$1.apply(Ljava/lang/Object;Ljava/lang/Object;)Ljava/lang/Object;+9
j  org.eclipse.xtext.xbase.lib.IteratorExtensions.fold(Ljava/util/Iterator;Ljava/lang/Object;Lorg/eclipse/xtext/xbase/lib/Functions$Function2;)Ljava/lang/Object;+19
j  org.eclipse.xtext.xbase.lib.IterableExtensions.fold(Ljava/lang/Iterable;Ljava/lang/Object;Lorg/eclipse/xtext/xbase/lib/Functions$Function2;)Ljava/lang/Object;+8
j  org.uqbar.project.wollok.interpreter.WollokInterpreterEvaluator.evalAll(Ljava/lang/Iterable;)Lorg/uqbar/project/wollok/interpreter/core/WollokObject;+12
j  org.uqbar.project.wollok.interpreter.WollokInterpreterEvaluator._evaluate(Lorg/uqbar/project/wollok/wollokDsl/WBlockExpression;)Lorg/uqbar/project/wollok/interpreter/core/WollokObject;+34
j  org.uqbar.project.wollok.launch.WollokLauncherInterpreterEvaluator.evaluate(Lorg/eclipse/emf/ecore/EObject;)Lorg/uqbar/project/wollok/interpreter/core/WollokObject;+76
j  org.uqbar.project.wollok.interpreter.WollokInterpreterEvaluator.evaluate(Lorg/eclipse/emf/ecore/EObject;)Ljava/lang/Object;+2
j  org.uqbar.project.wollok.interpreter.WollokInterpreter.eval(Lorg/eclipse/emf/ecore/EObject;)Lorg/uqbar/project/wollok/interpreter/core/WollokObject;+63
j  org.uqbar.project.wollok.interpreter.AbstractWollokCallable.eval(Lorg/eclipse/emf/ecore/EObject;)Lorg/uqbar/project/wollok/interpreter/core/WollokObject;+5
j  org.uqbar.project.wollok.interpreter.AbstractWollokCallable$1.apply()Lorg/uqbar/project/wollok/interpreter/core/WollokObject;+110
j  org.uqbar.project.wollok.interpreter.AbstractWollokCallable$1.apply()Ljava/lang/Object;+1
j  org.uqbar.project.wollok.interpreter.threads.WThread.performOnStack(Lorg/eclipse/emf/ecore/EObject;Lorg/uqbar/project/wollok/interpreter/context/EvaluationContext;Lorg/eclipse/xtext/xbase/lib/Functions$Function0;)Lorg/uqbar/project/wollok/interpreter/core/WollokObject;+29
j  org.uqbar.project.wollok.interpreter.WollokInterpreter.performOnStack(Lorg/eclipse/emf/ecore/EObject;Lorg/uqbar/project/wollok/interpreter/context/EvaluationContext;Lorg/eclipse/xtext/xbase/lib/Functions$Function0;)Lorg/uqbar/project/wollok/interpreter/core/WollokObject;+7
j  org.uqbar.project.wollok.interpreter.AbstractWollokCallable.call(Lorg/uqbar/project/wollok/wollokDsl/WMethodDeclaration;[Lorg/uqbar/project/wollok/interpreter/core/WollokObject;)Lorg/uqbar/project/wollok/interpreter/core/WollokObject;+38
j  org.uqbar.project.wollok.interpreter.core.WollokObject.call(Ljava/lang/String;[Lorg/uqbar/project/wollok/interpreter/core/WollokObject;)Lorg/uqbar/project/wollok/interpreter/core/WollokObject;+55
j  org.uqbar.project.wollok.interpreter.WollokInterpreterEvaluator._evaluate(Lorg/uqbar/project/wollok/wollokDsl/WFeatureCall;)Lorg/uqbar/project/wollok/interpreter/core/WollokObject;+119
j  org.uqbar.project.wollok.launch.WollokLauncherInterpreterEvaluator.evaluate(Lorg/eclipse/emf/ecore/EObject;)Lorg/uqbar/project/wollok/interpreter/core/WollokObject;+412
j  org.uqbar.project.wollok.interpreter.WollokInterpreterEvaluator.evaluate(Lorg/eclipse/emf/ecore/EObject;)Ljava/lang/Object;+2
j  org.uqbar.project.wollok.interpreter.WollokInterpreter.eval(Lorg/eclipse/emf/ecore/EObject;)Lorg/uqbar/project/wollok/interpreter/core/WollokObject;+63
j  org.uqbar.project.wollok.interpreter.WollokInterpreterEvaluator.eval(Lorg/eclipse/emf/ecore/EObject;)Lorg/uqbar/project/wollok/interpreter/core/WollokObject;+5
j  org.uqbar.project.wollok.interpreter.WollokInterpreterEvaluator$1.apply(Lorg/uqbar/project/wollok/interpreter/core/WollokObject;Lorg/eclipse/emf/ecore/EObject;)Lorg/uqbar/project/wollok/interpreter/core/WollokObject;+5
j  org.uqbar.project.wollok.interpreter.WollokInterpreterEvaluator$1.apply(Ljava/lang/Object;Ljava/lang/Object;)Ljava/lang/Object;+9
j  org.eclipse.xtext.xbase.lib.IteratorExtensions.fold(Ljava/util/Iterator;Ljava/lang/Object;Lorg/eclipse/xtext/xbase/lib/Functions$Function2;)Ljava/lang/Object;+19
j  org.eclipse.xtext.xbase.lib.IterableExtensions.fold(Ljava/lang/Iterable;Ljava/lang/Object;Lorg/eclipse/xtext/xbase/lib/Functions$Function2;)Ljava/lang/Object;+8
j  org.uqbar.project.wollok.interpreter.WollokInterpreterEvaluator.evalAll(Ljava/lang/Iterable;)Lorg/uqbar/project/wollok/interpreter/core/WollokObject;+12
j  org.uqbar.project.wollok.interpreter.WollokInterpreterEvaluator._evaluate(Lorg/uqbar/project/wollok/wollokDsl/WBlockExpression;)Lorg/uqbar/project/wollok/interpreter/core/WollokObject;+34
j  org.uqbar.project.wollok.launch.WollokLauncherInterpreterEvaluator.evaluate(Lorg/eclipse/emf/ecore/EObject;)Lorg/uqbar/project/wollok/interpreter/core/WollokObject;+76
j  org.uqbar.project.wollok.interpreter.WollokInterpreterEvaluator.evaluate(Lorg/eclipse/emf/ecore/EObject;)Ljava/lang/Object;+2
j  org.uqbar.project.wollok.interpreter.WollokInterpreter.eval(Lorg/eclipse/emf/ecore/EObject;)Lorg/uqbar/project/wollok/interpreter/core/WollokObject;+63
j  org.uqbar.project.wollok.interpreter.AbstractWollokCallable.eval(Lorg/eclipse/emf/ecore/EObject;)Lorg/uqbar/project/wollok/interpreter/core/WollokObject;+5
j  org.uqbar.project.wollok.interpreter.AbstractWollokCallable$1.apply()Lorg/uqbar/project/wollok/interpreter/core/WollokObject;+110
j  org.uqbar.project.wollok.interpreter.AbstractWollokCallable$1.apply()Ljava/lang/Object;+1
j  org.uqbar.project.wollok.interpreter.threads.WThread.performOnStack(Lorg/eclipse/emf/ecore/EObject;Lorg/uqbar/project/wollok/interpreter/context/EvaluationContext;Lorg/eclipse/xtext/xbase/lib/Functions$Function0;)Lorg/uqbar/project/wollok/interpreter/core/WollokObject;+29
j  org.uqbar.project.wollok.interpreter.WollokInterpreter.performOnStack(Lorg/eclipse/emf/ecore/EObject;Lorg/uqbar/project/wollok/interpreter/context/EvaluationContext;Lorg/eclipse/xtext/xbase/lib/Functions$Function0;)Lorg/uqbar/project/wollok/interpreter/core/WollokObject;+7
j  org.uqbar.project.wollok.interpreter.AbstractWollokCallable.call(Lorg/uqbar/project/wollok/wollokDsl/WMethodDeclaration;[Lorg/uqbar/project/wollok/interpreter/core/WollokObject;)Lorg/uqbar/project/wollok/interpreter/core/WollokObject;+38
j  org.uqbar.project.wollok.interpreter.core.WollokObject.call(Ljava/lang/String;[Lorg/uqbar/project/wollok/interpreter/core/WollokObject;)Lorg/uqbar/project/wollok/interpreter/core/WollokObject;+55
j  org.uqbar.project.wollok.interpreter.WollokInterpreterEvaluator._evaluate(Lorg/uqbar/project/wollok/wollokDsl/WFeatureCall;)Lorg/uqbar/project/wollok/interpreter/core/WollokObject;+119
j  org.uqbar.project.wollok.launch.WollokLauncherInterpreterEvaluator.evaluate(Lorg/eclipse/emf/ecore/EObject;)Lorg/uqbar/project/wollok/interpreter/core/WollokObject;+412
j  org.uqbar.project.wollok.interpreter.WollokInterpreterEvaluator.evaluate(Lorg/eclipse/emf/ecore/EObject;)Ljava/lang/Object;+2
j  org.uqbar.project.wollok.interpreter.WollokInterpreter.eval(Lorg/eclipse/emf/ecore/EObject;)Lorg/uqbar/project/wollok/interpreter/core/WollokObject;+63
j  org.uqbar.project.wollok.interpreter.WollokInterpreterEvaluator.eval(Lorg/eclipse/emf/ecore/EObject;)Lorg/uqbar/project/wollok/interpreter/core/WollokObject;+5
j  org.uqbar.project.wollok.interpreter.WollokInterpreterEvaluator$1.apply(Lorg/uqbar/project/wollok/interpreter/core/WollokObject;Lorg/eclipse/emf/ecore/EObject;)Lorg/uqbar/project/wollok/interpreter/core/WollokObject;+5
j  org.uqbar.project.wollok.interpreter.WollokInterpreterEvaluator$1.apply(Ljava/lang/Object;Ljava/lang/Object;)Ljava/lang/Object;+9
j  org.eclipse.xtext.xbase.lib.IteratorExtensions.fold(Ljava/util/Iterator;Ljava/lang/Object;Lorg/eclipse/xtext/xbase/lib/Functions$Function2;)Ljava/lang/Object;+19
j  org.eclipse.xtext.xbase.lib.IterableExtensions.fold(Ljava/lang/Iterable;Ljava/lang/Object;Lorg/eclipse/xtext/xbase/lib/Functions$Function2;)Ljava/lang/Object;+8
j  org.uqbar.project.wollok.interpreter.WollokInterpreterEvaluator.evalAll(Ljava/lang/Iterable;)Lorg/uqbar/project/wollok/interpreter/core/WollokObject;+12
j  org.uqbar.project.wollok.interpreter.WollokInterpreterEvaluator._evaluate(Lorg/uqbar/project/wollok/wollokDsl/WProgram;)Lorg/uqbar/project/wollok/interpreter/core/WollokObject;+18
j  org.uqbar.project.wollok.launch.WollokLauncherInterpreterEvaluator.evaluate(Lorg/eclipse/emf/ecore/EObject;)Lorg/uqbar/project/wollok/interpreter/core/WollokObject;+444
j  org.uqbar.project.wollok.interpreter.WollokInterpreterEvaluator.evaluate(Lorg/eclipse/emf/ecore/EObject;)Ljava/lang/Object;+2
j  org.uqbar.project.wollok.interpreter.WollokInterpreter.eval(Lorg/eclipse/emf/ecore/EObject;)Lorg/uqbar/project/wollok/interpreter/core/WollokObject;+63
j  org.uqbar.project.wollok.interpreter.WollokInterpreterEvaluator.eval(Lorg/eclipse/emf/ecore/EObject;)Lorg/uqbar/project/wollok/interpreter/core/WollokObject;+5
j  org.uqbar.project.wollok.launch.WollokLauncherInterpreterEvaluator._evaluate(Lorg/uqbar/project/wollok/wollokDsl/WFile;)Lorg/uqbar/project/wollok/interpreter/core/WollokObject;+32
j  org.uqbar.project.wollok.launch.WollokLauncherInterpreterEvaluator.evaluate(Lorg/eclipse/emf/ecore/EObject;)Lorg/uqbar/project/wollok/interpreter/core/WollokObject;+428
j  org.uqbar.project.wollok.interpreter.WollokInterpreterEvaluator.evaluate(Lorg/eclipse/emf/ecore/EObject;)Ljava/lang/Object;+2
j  org.uqbar.project.wollok.interpreter.WollokInterpreter.interpret(Lorg/eclipse/emf/ecore/EObject;Ljava/lang/Boolean;)Lorg/uqbar/project/wollok/interpreter/core/WollokObject;+25
j  org.uqbar.project.wollok.interpreter.WollokInterpreter.interpret(Lorg/eclipse/emf/ecore/EObject;)Lorg/uqbar/project/wollok/interpreter/core/WollokObject;+8
j  org.uqbar.project.wollok.launch.WollokLauncher.doSomething(Lorg/uqbar/project/wollok/wollokDsl/WFile;Lcom/google/inject/Injector;Ljava/io/File;Lorg/uqbar/project/wollok/launch/WollokLauncherParameters;)V+109
j  org.uqbar.project.wollok.launch.WollokChecker.launch(Ljava/lang/String;Lorg/uqbar/project/wollok/launch/WollokLauncherParameters;)V+31
j  org.uqbar.project.wollok.launch.WollokChecker.doMain([Ljava/lang/String;)V+205
j  org.uqbar.project.wollok.launch.WollokLauncher.main([Ljava/lang/String;)V+8
v  ~StubRoutines::call_stub

---------------  P R O C E S S  ---------------

Java Threads: ( => current thread )
  0x0000023da6424800 JavaThread "com.google.inject.internal.util.$Finalizer" daemon [_thread_blocked, id=20468, stack(0x000000b262e00000,0x000000b262f00000)]
  0x0000023da6139000 JavaThread "EMF Reference Cleaner" daemon [_thread_blocked, id=11324, stack(0x000000b262d00000,0x000000b262e00000)]
  0x0000023da52c1000 JavaThread "Service Thread" daemon [_thread_blocked, id=14672, stack(0x000000b262b00000,0x000000b262c00000)]
  0x0000023da5205000 JavaThread "C1 CompilerThread11" daemon [_thread_blocked, id=5340, stack(0x000000b262a00000,0x000000b262b00000)]
  0x0000023da5206800 JavaThread "C1 CompilerThread10" daemon [_thread_blocked, id=6704, stack(0x000000b262900000,0x000000b262a00000)]
  0x0000023da5200800 JavaThread "C1 CompilerThread9" daemon [_thread_blocked, id=5156, stack(0x000000b262800000,0x000000b262900000)]
  0x0000023da5203800 JavaThread "C1 CompilerThread8" daemon [_thread_blocked, id=7584, stack(0x000000b262700000,0x000000b262800000)]
  0x0000023da5202800 JavaThread "C2 CompilerThread7" daemon [_thread_blocked, id=1416, stack(0x000000b262600000,0x000000b262700000)]
  0x0000023da5202000 JavaThread "C2 CompilerThread6" daemon [_thread_blocked, id=7380, stack(0x000000b262500000,0x000000b262600000)]
  0x0000023da5204800 JavaThread "C2 CompilerThread5" daemon [_thread_blocked, id=15076, stack(0x000000b262400000,0x000000b262500000)]
  0x0000023da51f3800 JavaThread "C2 CompilerThread4" daemon [_thread_blocked, id=5252, stack(0x000000b262300000,0x000000b262400000)]
  0x0000023da51e0000 JavaThread "C2 CompilerThread3" daemon [_thread_blocked, id=3768, stack(0x000000b262200000,0x000000b262300000)]
  0x0000023da51df000 JavaThread "C2 CompilerThread2" daemon [_thread_blocked, id=5480, stack(0x000000b262100000,0x000000b262200000)]
  0x0000023da51dc800 JavaThread "C2 CompilerThread1" daemon [_thread_blocked, id=20436, stack(0x000000b262000000,0x000000b262100000)]
  0x0000023da51e2800 JavaThread "C2 CompilerThread0" daemon [_thread_blocked, id=14820, stack(0x000000b261f00000,0x000000b262000000)]
  0x0000023da51d7800 JavaThread "Attach Listener" daemon [_thread_blocked, id=180, stack(0x000000b261e00000,0x000000b261f00000)]
  0x0000023da51d2800 JavaThread "Signal Dispatcher" daemon [_thread_blocked, id=13272, stack(0x000000b261d00000,0x000000b261e00000)]
  0x0000023da51b0800 JavaThread "Finalizer" daemon [_thread_blocked, id=17724, stack(0x000000b261c00000,0x000000b261d00000)]
  0x0000023da24b5800 JavaThread "Reference Handler" daemon [_thread_blocked, id=2808, stack(0x000000b261b00000,0x000000b261c00000)]
=>0x0000023d8d46c800 JavaThread "main" [_thread_in_native, id=21472, stack(0x000000b260c00000,0x000000b260d00000)]

Other Threads:
  0x0000023da24ac800 VMThread [stack: 0x000000b261a00000,0x000000b261b00000] [id=13700]
  0x0000023da52c5000 WatcherThread [stack: 0x000000b262c00000,0x000000b262d00000] [id=16348]

VM state:not at safepoint (normal execution)

VM Mutex/Monitor currently owned by a thread: None

heap address: 0x00000000a2200000, size: 1502 MB, Compressed Oops mode: 32-bit
Narrow klass base: 0x0000000000000000, Narrow klass shift: 3
Compressed class space size: 1073741824 Address: 0x0000000100000000

Heap:
 PSYoungGen      total 101888K, used 17954K [0x00000000e0b80000, 0x00000000eea80000, 0x0000000100000000)
  eden space 98304K, 18% used [0x00000000e0b80000,0x00000000e1d088b8,0x00000000e6b80000)
  from space 3584K, 0% used [0x00000000e6b80000,0x00000000e6b80000,0x00000000e6f00000)
  to   space 15872K, 0% used [0x00000000edb00000,0x00000000edb00000,0x00000000eea80000)
 ParOldGen       total 76288K, used 24879K [0x00000000a2200000, 0x00000000a6c80000, 0x00000000e0b80000)
  object space 76288K, 32% used [0x00000000a2200000,0x00000000a3a4bf18,0x00000000a6c80000)
 Metaspace       used 21975K, capacity 22260K, committed 22656K, reserved 1069056K
  class space    used 2753K, capacity 2860K, committed 2944K, reserved 1048576K

Card table byte_map: [0x0000023d9e2f0000,0x0000023d9e5e0000] byte_map_base: 0x0000023d9dddf000

Marking Bits: (ParMarkBitMap*) 0x0000000064e40850
 Begin Bits: [0x0000023d9e7e0000, 0x0000023d9ff58000)
 End Bits:   [0x0000023d9ff58000, 0x0000023da16d0000)

Polling page: 0x0000023d8d6b0000

CodeCache: size=245760Kb used=13497Kb max_used=13497Kb free=232262Kb
 bounds [0x0000023d8ef30000, 0x0000023d8fc70000, 0x0000023d9df30000]
 total_blobs=4043 nmethods=3586 adapters=365
 compilation: enabled

Compilation events (10 events):
Event: 3.504 Thread 0x0000023da5200800 nmethod 3580 0x0000023d8fc5e610 code [0x0000023d8fc5e8a0, 0x0000023d8fc5f880]
Event: 3.505 Thread 0x0000023da5205000 nmethod 3573 0x0000023d8fc60190 code [0x0000023d8fc60700, 0x0000023d8fc64290]
Event: 3.513 Thread 0x0000023da5203800 3582       3       java.io.FileInputStream::read (9 bytes)
Event: 3.513 Thread 0x0000023da5203800 nmethod 3582 0x0000023d8fc667d0 code [0x0000023d8fc66940, 0x0000023d8fc66ad0]
Event: 3.517 Thread 0x0000023da5206800 3583       3       java.io.WinNTFileSystem::normalize (143 bytes)
Event: 3.518 Thread 0x0000023da5206800 nmethod 3583 0x0000023d8fc66b90 code [0x0000023d8fc66d80, 0x0000023d8fc675b0]
Event: 3.524 Thread 0x0000023da5200800 3584       3       java.nio.DirectByteBuffer::put (18 bytes)
Event: 3.524 Thread 0x0000023da5205000 3585       3       java.nio.DirectByteBuffer::ix (10 bytes)
Event: 3.525 Thread 0x0000023da5205000 nmethod 3585 0x0000023d8fc67f10 code [0x0000023d8fc68060, 0x0000023d8fc681b8]
Event: 3.525 Thread 0x0000023da5200800 nmethod 3584 0x0000023d8fc68250 code [0x0000023d8fc683c0, 0x0000023d8fc68638]

GC Heap History (10 events):
Event: 0.926 GC heap before
{Heap before GC invocations=2 (full 0):
 PSYoungGen      total 28160K, used 28145K [0x00000000e0b80000, 0x00000000e4280000, 0x0000000100000000)
  eden space 24576K, 100% used [0x00000000e0b80000,0x00000000e2380000,0x00000000e2380000)
  from space 3584K, 99% used [0x00000000e2380000,0x00000000e26fc4c8,0x00000000e2700000)
  to   space 3584K, 0% used [0x00000000e3f00000,0x00000000e3f00000,0x00000000e4280000)
 ParOldGen       total 64512K, used 951K [0x00000000a2200000, 0x00000000a6100000, 0x00000000e0b80000)
  object space 64512K, 1% used [0x00000000a2200000,0x00000000a22edcd8,0x00000000a6100000)
 Metaspace       used 8141K, capacity 8344K, committed 8448K, reserved 1056768K
  class space    used 901K, capacity 968K, committed 1024K, reserved 1048576K
Event: 0.932 GC heap after
Heap after GC invocations=2 (full 0):
 PSYoungGen      total 52736K, used 3552K [0x00000000e0b80000, 0x00000000e4280000, 0x0000000100000000)
  eden space 49152K, 0% used [0x00000000e0b80000,0x00000000e0b80000,0x00000000e3b80000)
  from space 3584K, 99% used [0x00000000e3f00000,0x00000000e4278020,0x00000000e4280000)
  to   space 3584K, 0% used [0x00000000e3b80000,0x00000000e3b80000,0x00000000e3f00000)
 ParOldGen       total 64512K, used 3301K [0x00000000a2200000, 0x00000000a6100000, 0x00000000e0b80000)
  object space 64512K, 5% used [0x00000000a2200000,0x00000000a25397b8,0x00000000a6100000)
 Metaspace       used 8141K, capacity 8344K, committed 8448K, reserved 1056768K
  class space    used 901K, capacity 968K, committed 1024K, reserved 1048576K
}
Event: 1.600 GC heap before
{Heap before GC invocations=3 (full 0):
 PSYoungGen      total 52736K, used 52704K [0x00000000e0b80000, 0x00000000e4280000, 0x0000000100000000)
  eden space 49152K, 100% used [0x00000000e0b80000,0x00000000e3b80000,0x00000000e3b80000)
  from space 3584K, 99% used [0x00000000e3f00000,0x00000000e4278020,0x00000000e4280000)
  to   space 3584K, 0% used [0x00000000e3b80000,0x00000000e3b80000,0x00000000e3f00000)
 ParOldGen       total 64512K, used 3301K [0x00000000a2200000, 0x00000000a6100000, 0x00000000e0b80000)
  object space 64512K, 5% used [0x00000000a2200000,0x00000000a25397b8,0x00000000a6100000)
 Metaspace       used 13577K, capacity 13796K, committed 14080K, reserved 1060864K
  class space    used 1670K, capacity 1738K, committed 1792K, reserved 1048576K
Event: 1.607 GC heap after
Heap after GC invocations=3 (full 0):
 PSYoungGen      total 52736K, used 3552K [0x00000000e0b80000, 0x00000000e7280000, 0x0000000100000000)
  eden space 49152K, 0% used [0x00000000e0b80000,0x00000000e0b80000,0x00000000e3b80000)
  from space 3584K, 99% used [0x00000000e3b80000,0x00000000e3ef8020,0x00000000e3f00000)
  to   space 3584K, 0% used [0x00000000e6f00000,0x00000000e6f00000,0x00000000e7280000)
 ParOldGen       total 64512K, used 12434K [0x00000000a2200000, 0x00000000a6100000, 0x00000000e0b80000)
  object space 64512K, 19% used [0x00000000a2200000,0x00000000a2e24ae8,0x00000000a6100000)
 Metaspace       used 13577K, capacity 13796K, committed 14080K, reserved 1060864K
  class space    used 1670K, capacity 1738K, committed 1792K, reserved 1048576K
}
Event: 2.448 GC heap before
{Heap before GC invocations=4 (full 0):
 PSYoungGen      total 52736K, used 52704K [0x00000000e0b80000, 0x00000000e7280000, 0x0000000100000000)
  eden space 49152K, 100% used [0x00000000e0b80000,0x00000000e3b80000,0x00000000e3b80000)
  from space 3584K, 99% used [0x00000000e3b80000,0x00000000e3ef8020,0x00000000e3f00000)
  to   space 3584K, 0% used [0x00000000e6f00000,0x00000000e6f00000,0x00000000e7280000)
 ParOldGen       total 64512K, used 12434K [0x00000000a2200000, 0x00000000a6100000, 0x00000000e0b80000)
  object space 64512K, 19% used [0x00000000a2200000,0x00000000a2e24ae8,0x00000000a6100000)
 Metaspace       used 19330K, capacity 19594K, committed 19968K, reserved 1067008K
  class space    used 2475K, capacity 2551K, committed 2560K, reserved 1048576K
Event: 2.459 GC heap after
Heap after GC invocations=4 (full 0):
 PSYoungGen      total 101888K, used 3552K [0x00000000e0b80000, 0x00000000e7280000, 0x0000000100000000)
  eden space 98304K, 0% used [0x00000000e0b80000,0x00000000e0b80000,0x00000000e6b80000)
  from space 3584K, 99% used [0x00000000e6f00000,0x00000000e7278020,0x00000000e7280000)
  to   space 3584K, 0% used [0x00000000e6b80000,0x00000000e6b80000,0x00000000e6f00000)
 ParOldGen       total 64512K, used 21942K [0x00000000a2200000, 0x00000000a6100000, 0x00000000e0b80000)
  object space 64512K, 34% used [0x00000000a2200000,0x00000000a376d938,0x00000000a6100000)
 Metaspace       used 19330K, capacity 19594K, committed 19968K, reserved 1067008K
  class space    used 2475K, capacity 2551K, committed 2560K, reserved 1048576K
}
Event: 2.924 GC heap before
{Heap before GC invocations=5 (full 0):
 PSYoungGen      total 101888K, used 27494K [0x00000000e0b80000, 0x00000000e7280000, 0x0000000100000000)
  eden space 98304K, 24% used [0x00000000e0b80000,0x00000000e22e19f8,0x00000000e6b80000)
  from space 3584K, 99% used [0x00000000e6f00000,0x00000000e7278020,0x00000000e7280000)
  to   space 3584K, 0% used [0x00000000e6b80000,0x00000000e6b80000,0x00000000e6f00000)
 ParOldGen       total 64512K, used 21942K [0x00000000a2200000, 0x00000000a6100000, 0x00000000e0b80000)
  object space 64512K, 34% used [0x00000000a2200000,0x00000000a376d938,0x00000000a6100000)
 Metaspace       used 20822K, capacity 21060K, committed 21248K, reserved 1067008K
  class space    used 2629K, capacity 2724K, committed 2816K, reserved 1048576K
Event: 2.933 GC heap after
Heap after GC invocations=5 (full 0):
 PSYoungGen      total 101888K, used 3552K [0x00000000e0b80000, 0x00000000eea80000, 0x0000000100000000)
  eden space 98304K, 0% used [0x00000000e0b80000,0x00000000e0b80000,0x00000000e6b80000)
  from space 3584K, 99% used [0x00000000e6b80000,0x00000000e6ef8020,0x00000000e6f00000)
  to   space 15872K, 0% used [0x00000000edb00000,0x00000000edb00000,0x00000000eea80000)
 ParOldGen       total 64512K, used 25399K [0x00000000a2200000, 0x00000000a6100000, 0x00000000e0b80000)
  object space 64512K, 39% used [0x00000000a2200000,0x00000000a3acdd50,0x00000000a6100000)
 Metaspace       used 20822K, capacity 21060K, committed 21248K, reserved 1067008K
  class space    used 2629K, capacity 2724K, committed 2816K, reserved 1048576K
}
Event: 2.933 GC heap before
{Heap before GC invocations=6 (full 1):
 PSYoungGen      total 101888K, used 3552K [0x00000000e0b80000, 0x00000000eea80000, 0x0000000100000000)
  eden space 98304K, 0% used [0x00000000e0b80000,0x00000000e0b80000,0x00000000e6b80000)
  from space 3584K, 99% used [0x00000000e6b80000,0x00000000e6ef8020,0x00000000e6f00000)
  to   space 15872K, 0% used [0x00000000edb00000,0x00000000edb00000,0x00000000eea80000)
 ParOldGen       total 64512K, used 25399K [0x00000000a2200000, 0x00000000a6100000, 0x00000000e0b80000)
  object space 64512K, 39% used [0x00000000a2200000,0x00000000a3acdd50,0x00000000a6100000)
 Metaspace       used 20822K, capacity 21060K, committed 21248K, reserved 1067008K
  class space    used 2629K, capacity 2724K, committed 2816K, reserved 1048576K
Event: 3.001 GC heap after
Heap after GC invocations=6 (full 1):
 PSYoungGen      total 101888K, used 0K [0x00000000e0b80000, 0x00000000eea80000, 0x0000000100000000)
  eden space 98304K, 0% used [0x00000000e0b80000,0x00000000e0b80000,0x00000000e6b80000)
  from space 3584K, 0% used [0x00000000e6b80000,0x00000000e6b80000,0x00000000e6f00000)
  to   space 15872K, 0% used [0x00000000edb00000,0x00000000edb00000,0x00000000eea80000)
 ParOldGen       total 76288K, used 24879K [0x00000000a2200000, 0x00000000a6c80000, 0x00000000e0b80000)
  object space 76288K, 32% used [0x00000000a2200000,0x00000000a3a4bf18,0x00000000a6c80000)
 Metaspace       used 20822K, capacity 21060K, committed 21248K, reserved 1067008K
  class space    used 2629K, capacity 2724K, committed 2816K, reserved 1048576K
}

Deoptimization events (10 events):
Event: 2.605 Thread 0x0000023d8d46c800 Uncommon trap: reason=class_check action=maybe_recompile pc=0x0000023d8f88a128 method=org.eclipse.xtext.nodemodel.impl.NodeModelBuilder.addChild(Lorg/eclipse/xtext/nodemodel/ICompositeNode;Lorg/eclipse/xtext/nodemodel/impl/AbstractNode;)V @ 6
Event: 2.605 Thread 0x0000023d8d46c800 Uncommon trap: reason=unstable_if action=reinterpret pc=0x0000023d8f8fd220 method=java.util.HashMap.computeIfAbsent(Ljava/lang/Object;Ljava/util/function/Function;)Ljava/lang/Object; @ 44
Event: 2.623 Thread 0x0000023d8d46c800 Uncommon trap: reason=class_check action=maybe_recompile pc=0x0000023d8f88a128 method=org.eclipse.xtext.nodemodel.impl.NodeModelBuilder.addChild(Lorg/eclipse/xtext/nodemodel/ICompositeNode;Lorg/eclipse/xtext/nodemodel/impl/AbstractNode;)V @ 6
Event: 2.626 Thread 0x0000023d8d46c800 Uncommon trap: reason=class_check action=maybe_recompile pc=0x0000023d8f889208 method=org.eclipse.xtext.nodemodel.impl.NodeModelBuilder.addChild(Lorg/eclipse/xtext/nodemodel/ICompositeNode;Lorg/eclipse/xtext/nodemodel/impl/AbstractNode;)V @ 6
Event: 2.702 Thread 0x0000023d8d46c800 Uncommon trap: reason=unstable_if action=reinterpret pc=0x0000023d8f9f1048 method=org.eclipse.xtext.nodemodel.impl.InternalNodeModelUtils.computeLineBreaks(Ljava/lang/String;)[I @ 37
Event: 2.794 Thread 0x0000023d8d46c800 Uncommon trap: reason=unstable_if action=reinterpret pc=0x0000023d8f628148 method=java.util.concurrent.ConcurrentHashMap.putVal(Ljava/lang/Object;Ljava/lang/Object;Z)Ljava/lang/Object; @ 181
Event: 3.095 Thread 0x0000023d8d46c800 Uncommon trap: reason=null_check action=make_not_entrant pc=0x0000023d8fae8c90 method=org.eclipse.xtext.util.OnChangeEvictingCache.getOrCreate(Lorg/eclipse/emf/ecore/resource/Resource;)Lorg/eclipse/xtext/util/OnChangeEvictingCache$CacheAdapter; @ 11
Event: 3.186 Thread 0x0000023d8d46c800 Uncommon trap: reason=unstable_if action=reinterpret pc=0x0000023d8fafbf1c method=java.io.WinNTFileSystem.normalize(Ljava/lang/String;)Ljava/lang/String; @ 49
Event: 3.208 Thread 0x0000023d8d46c800 Uncommon trap: reason=predicate action=maybe_recompile pc=0x0000023d8f569448 method=java.lang.String.regionMatches(ZILjava/lang/String;II)Z @ 63
Event: 3.495 Thread 0x0000023d8d46c800 Uncommon trap: reason=unstable_if action=reinterpret pc=0x0000023d8f316308 method=java.lang.ThreadLocal$ThreadLocalMap.getEntry(Ljava/lang/ThreadLocal;)Ljava/lang/ThreadLocal$ThreadLocalMap$Entry; @ 29

Classes redefined (0 events):
No events

Internal exceptions (10 events):
Event: 2.712 Thread 0x0000023d8d46c800 Exception <a 'java/io/FileNotFoundException'> (0x00000000e1712c78) thrown at [E:\Jenkins\workspace\temp\workspace\build\src\hotspot\src\share\vm\prims\jni.cpp, line 709]
Event: 2.718 Thread 0x0000023d8d46c800 Exception <a 'java/io/FileNotFoundException'> (0x00000000e174a228) thrown at [E:\Jenkins\workspace\temp\workspace\build\src\hotspot\src\share\vm\prims\jni.cpp, line 709]
Event: 2.723 Thread 0x0000023d8d46c800 Exception <a 'java/io/FileNotFoundException'> (0x00000000e17796a0) thrown at [E:\Jenkins\workspace\temp\workspace\build\src\hotspot\src\share\vm\prims\jni.cpp, line 709]
Event: 3.092 Thread 0x0000023d8d46c800 Exception <a 'java/io/FileNotFoundException'> (0x00000000e11dbb90) thrown at [E:\Jenkins\workspace\temp\workspace\build\src\hotspot\src\share\vm\prims\jni.cpp, line 709]
Event: 3.534 Thread 0x0000023d8d46c800 Exception <a 'java/security/PrivilegedActionException'> (0x00000000e1b47368) thrown at [E:\Jenkins\workspace\temp\workspace\build\src\hotspot\src\share\vm\prims\jvm.cpp, line 1514]
Event: 3.534 Thread 0x0000023d8d46c800 Exception <a 'java/security/PrivilegedActionException'> (0x00000000e1b48898) thrown at [E:\Jenkins\workspace\temp\workspace\build\src\hotspot\src\share\vm\prims\jvm.cpp, line 1514]
Event: 3.534 Thread 0x0000023d8d46c800 Exception <a 'java/security/PrivilegedActionException'> (0x00000000e1b49cc8) thrown at [E:\Jenkins\workspace\temp\workspace\build\src\hotspot\src\share\vm\prims\jvm.cpp, line 1514]
Event: 3.535 Thread 0x0000023d8d46c800 Exception <a 'java/security/PrivilegedActionException'> (0x00000000e1b4b388) thrown at [E:\Jenkins\workspace\temp\workspace\build\src\hotspot\src\share\vm\prims\jvm.cpp, line 1514]
Event: 3.535 Thread 0x0000023d8d46c800 Exception <a 'java/security/PrivilegedActionException'> (0x00000000e1b4c780) thrown at [E:\Jenkins\workspace\temp\workspace\build\src\hotspot\src\share\vm\prims\jvm.cpp, line 1514]
Event: 3.535 Thread 0x0000023d8d46c800 Exception <a 'java/security/PrivilegedActionException'> (0x00000000e1b4db48) thrown at [E:\Jenkins\workspace\temp\workspace\build\src\hotspot\src\share\vm\prims\jvm.cpp, line 1514]

Events (10 events):
Event: 3.571 loading class org/lwjgl/openal/ALCdevice
Event: 3.571 loading class org/lwjgl/openal/ALCdevice done
Event: 3.572 loading class org/lwjgl/openal/ALCcontext
Event: 3.572 loading class org/lwjgl/openal/ALCcontext done
Event: 3.573 loading class java/nio/DirectIntBufferU
Event: 3.573 loading class java/nio/DirectIntBufferU done
Event: 3.573 loading class org/lwjgl/openal/Util
Event: 3.573 loading class org/lwjgl/openal/Util done
Event: 3.573 loading class org/lwjgl/openal/OpenALException
Event: 3.573 loading class org/lwjgl/openal/OpenALException done


Dynamic libraries:
0x00007ff68fca0000 - 0x00007ff68fcf1000 	C:\Program Files\Eclipse Adoptium\jdk-8.0.402.6-hotspot\bin\javaw.exe
0x00007ffb4cdb0000 - 0x00007ffb4cfc7000 	C:\WINDOWS\SYSTEM32\ntdll.dll
0x00007ffb4b690000 - 0x00007ffb4b754000 	C:\WINDOWS\System32\KERNEL32.DLL
0x00007ffb4a5a0000 - 0x00007ffb4a94c000 	C:\WINDOWS\System32\KERNELBASE.dll
0x00007ffb4aaf0000 - 0x00007ffb4aba2000 	C:\WINDOWS\System32\ADVAPI32.dll
0x00007ffb4c460000 - 0x00007ffb4c507000 	C:\WINDOWS\System32\msvcrt.dll
0x00007ffb4c3b0000 - 0x00007ffb4c45a000 	C:\WINDOWS\System32\sechost.dll
0x00007ffb4a570000 - 0x00007ffb4a598000 	C:\WINDOWS\System32\bcrypt.dll
0x00007ffb4b790000 - 0x00007ffb4b8a5000 	C:\WINDOWS\System32\RPCRT4.dll
0x00007ffb4b140000 - 0x00007ffb4b2ee000 	C:\WINDOWS\System32\USER32.dll
0x00007ffb4a3e0000 - 0x00007ffb4a406000 	C:\WINDOWS\System32\win32u.dll
0x00007ffb4b760000 - 0x00007ffb4b789000 	C:\WINDOWS\System32\GDI32.dll
0x00007ffb4a2c0000 - 0x00007ffb4a3d9000 	C:\WINDOWS\System32\gdi32full.dll
0x00007ffb4a410000 - 0x00007ffb4a4aa000 	C:\WINDOWS\System32\msvcp_win.dll
0x00007ffb4a950000 - 0x00007ffb4aa61000 	C:\WINDOWS\System32\ucrtbase.dll
0x00007ffb2ba80000 - 0x00007ffb2bd13000 	C:\WINDOWS\WinSxS\amd64_microsoft.windows.common-controls_6595b64144ccf1df_6.0.22621.3672_none_2713b9d173822955\COMCTL32.dll
0x00007ffb4bdb0000 - 0x00007ffb4bde1000 	C:\WINDOWS\System32\IMM32.DLL
0x00007ffb441b0000 - 0x00007ffb441c5000 	C:\Program Files\Eclipse Adoptium\jdk-8.0.402.6-hotspot\jre\bin\vcruntime140.dll
0x00007ffb31910000 - 0x00007ffb319ab000 	C:\Program Files\Eclipse Adoptium\jdk-8.0.402.6-hotspot\jre\bin\msvcp140.dll
0x0000000064660000 - 0x0000000064eb9000 	C:\Program Files\Eclipse Adoptium\jdk-8.0.402.6-hotspot\jre\bin\server\jvm.dll
0x00007ffb4bdf0000 - 0x00007ffb4bdf8000 	C:\WINDOWS\System32\PSAPI.DLL
0x00007ffb450e0000 - 0x00007ffb450e9000 	C:\WINDOWS\SYSTEM32\WSOCK32.dll
0x00007ffb44460000 - 0x00007ffb44494000 	C:\WINDOWS\SYSTEM32\WINMM.dll
0x00007ffb3fee0000 - 0x00007ffb3feea000 	C:\WINDOWS\SYSTEM32\VERSION.dll
0x00007ffb4b8b0000 - 0x00007ffb4b921000 	C:\WINDOWS\System32\WS2_32.dll
0x00007ffb490e0000 - 0x00007ffb490f8000 	C:\WINDOWS\SYSTEM32\kernel.appcore.dll
0x00007ffb38120000 - 0x00007ffb38130000 	C:\Program Files\Eclipse Adoptium\jdk-8.0.402.6-hotspot\jre\bin\verify.dll
0x00007ffb1f910000 - 0x00007ffb1f93b000 	C:\Program Files\Eclipse Adoptium\jdk-8.0.402.6-hotspot\jre\bin\java.dll
0x00007ffb1f8f0000 - 0x00007ffb1f908000 	C:\Program Files\Eclipse Adoptium\jdk-8.0.402.6-hotspot\jre\bin\zip.dll
0x00007ffb4c510000 - 0x00007ffb4cd6c000 	C:\WINDOWS\System32\SHELL32.dll
0x00007ffb47fe0000 - 0x00007ffb488d7000 	C:\WINDOWS\SYSTEM32\windows.storage.dll
0x00007ffb4b300000 - 0x00007ffb4b688000 	C:\WINDOWS\System32\combase.dll
0x00007ffb47ea0000 - 0x00007ffb47fdf000 	C:\WINDOWS\SYSTEM32\wintypes.dll
0x00007ffb4b040000 - 0x00007ffb4b134000 	C:\WINDOWS\System32\SHCORE.dll
0x00007ffb4c000000 - 0x00007ffb4c05e000 	C:\WINDOWS\System32\shlwapi.dll
0x00007ffb4a010000 - 0x00007ffb4a031000 	C:\WINDOWS\SYSTEM32\profapi.dll
0x0000000065580000 - 0x0000000065616000 	C:\Users\crist\AppData\Local\Temp\libgdxcrist\12dfaa03\gdx64.dll
0x00007ffb497e0000 - 0x00007ffb497fb000 	C:\WINDOWS\SYSTEM32\CRYPTSP.dll
0x00007ffb49040000 - 0x00007ffb49075000 	C:\WINDOWS\system32\rsaenh.dll
0x00007ffb49680000 - 0x00007ffb496a8000 	C:\WINDOWS\SYSTEM32\USERENV.dll
0x00007ffb4aa70000 - 0x00007ffb4aaeb000 	C:\WINDOWS\System32\bcryptprimitives.dll
0x00007ffb49800000 - 0x00007ffb4980c000 	C:\WINDOWS\SYSTEM32\CRYPTBASE.dll
0x00007ffb0fd30000 - 0x00007ffb0fd4c000 	C:\Program Files\Eclipse Adoptium\jdk-8.0.402.6-hotspot\jre\bin\net.dll
0x00007ffb49560000 - 0x00007ffb495c9000 	C:\WINDOWS\system32\mswsock.dll
0x00007ffb48b40000 - 0x00007ffb48b6d000 	C:\WINDOWS\SYSTEM32\IPHLPAPI.DLL
0x00007ffb4add0000 - 0x00007ffb4add9000 	C:\WINDOWS\System32\NSI.dll
0x00007ffb449d0000 - 0x00007ffb449e9000 	C:\WINDOWS\SYSTEM32\dhcpcsvc6.DLL
0x00007ffb449b0000 - 0x00007ffb449cf000 	C:\WINDOWS\SYSTEM32\dhcpcsvc.DLL
0x00007ffb48bb0000 - 0x00007ffb48ca8000 	C:\WINDOWS\SYSTEM32\DNSAPI.dll
0x00007ffb0f3d0000 - 0x00007ffb0f3e3000 	C:\Program Files\Eclipse Adoptium\jdk-8.0.402.6-hotspot\jre\bin\nio.dll
0x0000000180000000 - 0x0000000180053000 	C:\Users\crist\AppData\Local\Temp\libgdxcrist\dc0f0009\lwjgl64.dll
0x00007ffae8f80000 - 0x00007ffae9080000 	C:\WINDOWS\SYSTEM32\OPENGL32.dll
0x00007ffae8ee0000 - 0x00007ffae8f0d000 	C:\WINDOWS\SYSTEM32\GLU32.dll
0x00007ffb47310000 - 0x00007ffb47349000 	C:\WINDOWS\SYSTEM32\dxcore.dll
0x0000023daafc0000 - 0x0000023dab024000 	C:\Users\crist\AppData\Local\Temp\libgdxcrist\dc0f0009\OpenAL64.dll
0x00007ffb4c130000 - 0x00007ffb4c2d5000 	C:\WINDOWS\System32\ole32.dll
0x00007ffb47200000 - 0x00007ffb472aa000 	C:\WINDOWS\system32\uxtheme.dll
0x00007ffb4c080000 - 0x00007ffb4c130000 	C:\WINDOWS\System32\clbcatq.dll
0x00007ffb3c870000 - 0x00007ffb3c912000 	C:\WINDOWS\SYSTEM32\dsound.dll
0x00007ffb49df0000 - 0x00007ffb49e3d000 	C:\WINDOWS\SYSTEM32\powrprof.dll
0x00007ffb39fc0000 - 0x00007ffb3a071000 	C:\WINDOWS\SYSTEM32\ResampleDmo.DLL
0x00007ffb4af60000 - 0x00007ffb4b037000 	C:\WINDOWS\System32\OLEAUT32.dll
0x00007ffb3cc80000 - 0x00007ffb3cca9000 	C:\WINDOWS\SYSTEM32\winmmbase.dll
0x00007ffb40f90000 - 0x00007ffb40f9b000 	C:\WINDOWS\SYSTEM32\msdmo.dll
0x00007ffb49dd0000 - 0x00007ffb49de3000 	C:\WINDOWS\SYSTEM32\UMPDC.dll
0x00007ffb3f6f0000 - 0x00007ffb3f78d000 	C:\WINDOWS\System32\MMDevApi.dll
0x00007ffb49d10000 - 0x00007ffb49d3c000 	C:\WINDOWS\System32\DEVOBJ.dll
0x00007ffb49d40000 - 0x00007ffb49d8e000 	C:\WINDOWS\SYSTEM32\cfgmgr32.dll
0x00007ffb3dcb0000 - 0x00007ffb3de9c000 	C:\WINDOWS\SYSTEM32\AUDIOSES.DLL
0x00007ffb47b70000 - 0x00007ffb47da2000 	C:\WINDOWS\SYSTEM32\dbghelp.dll

VM Arguments:
jvm_args: -Duser.language=es_AR -Dfile.encoding=UTF-8 
java_command: org.uqbar.project.wollok.launch.WollokLauncher -requestsPort 0 -eventsPort 0 -folder -dontValidate -wf src/program.wpgm -darkMode
java_class_path (initial): C:\Cris\programas\desarrollo\wollok-win32.win32.x86_64\workspace\TPGameIntegrador-random\bin;C:\Cris\programas\desarrollo\wollok-win32.win32.x86_64\plugins\com.ibm.icu_64.2.0.v20190507-1337.jar;C:\Cris\programas\desarrollo\wollok-win32.win32.x86_64\plugins\org.eclipse.xtext_2.20.0.v20191202-0915.jar;C:\Cris\programas\desarrollo\wollok-win32.win32.x86_64\plugins\org.eclipse.emf.ecore.xmi_2.16.0.v20190528-0725.jar;C:\Cris\programas\desarrollo\wollok-win32.win32.x86_64\plugins\org.eclipse.emf.ecore_2.20.0.v20190920-0401.jar;C:\Cris\programas\desarrollo\wollok-win32.win32.x86_64\plugins\org.eclipse.emf.common_2.17.0.v20190920-0401.jar;C:\Cris\programas\desarrollo\wollok-win32.win32.x86_64\plugins\org.antlr.runtime_3.2.0.v201101311130.jar;C:\Cris\programas\desarrollo\wollok-win32.win32.x86_64\plugins\com.google.inject_3.0.0.v201605172100.jar;C:\Cris\programas\desarrollo\wollok-win32.win32.x86_64\plugins\org.eclipse.emf.mwe.core_1.5.1.v20191121-1148.jar;C:\Cris\programas\desarrollo\wollok-win32.win32.x86_64\plugins\org.apache.commons.cli_1.2.0.v201404270220.jar;C:\Cris\programas\desarrollo\wollok-win32.win32.x86_64\plugins\org.eclipse.emf.mwe2.runtime_2.11.1.v20191121-1148.jar;C:\Cris\programas\desarrollo\wollok-win32.win32.x86_64\plugins\org.eclipse.emf.mwe.utils_1.5.1.v20191121-1148.jar;C:\Cris\programas\desarrollo\wollok-win32.win32.x86_64\plugins\org.eclipse.xtext.util_2.20.0.v20191202-0915.jar;C:\Cris\programas\desarrollo\wollok-win32.win32.x86_64\plugins\com.google.guava_27.1.0.v20190517-1946.jar;C:\Cris\programas\desarrollo\wollok-win32.win32.x86_64\plugins\javax.inject_1.0.0.v20091030.jar;C:\Cris\programas\desarrollo\wollok-win32.win32.x86_64\plugins\org.eclipse.xtext.generator_2.20.0.v20191202-0933.jar;C:\Cris\programas\desarrollo\wollok-win32.win32.x86_64\plugins\org.eclipse.xtext.xtext.generator_2.20.0.v20191202-0915.jar;C:\Cris\programas\desarrollo\wollok-win32.win32.x86_64\plugins\org.eclipse.xtext.xbase.lib_2.20.0.v20191202-0907.
Launcher Type: SUN_STANDARD

Environment Variables:
PATH=C:/Program Files/Eclipse Adoptium/jdk-8.0.402.6-hotspot/bin/../jre/bin/server;C:/Program Files/Eclipse Adoptium/jdk-8.0.402.6-hotspot/bin/../jre/bin;C:/Program Files/Eclipse Adoptium/jdk-8.0.402.6-hotspot/bin/../jre/lib/amd64;C:\Program Files\Eclipse Adoptium\jdk-8.0.402.6-hotspot\bin;C:\Program Files (x86)\Common Files\Oracle\Java\javapath;C:\WINDOWS\system32;C:\WINDOWS;C:\WINDOWS\System32\Wbem;C:\WINDOWS\System32\WindowsPowerShell\v1.0\;C:\WINDOWS\System32\OpenSSH\;C:\Program Files\nodejs\;C:\Program Files\MySQL\MySQL Server 8.0\bin;C:\Program Files\Git\cmd;C:\Users\crist\.console-ninja\.bin;C:\Program Files\MySQL\MySQL Shell 8.0\bin\;C:\Users\crist\AppData\Local\Microsoft\WindowsApps;;C:\Users\crist\AppData\Local\Programs\Microsoft VS Code\bin;C:\Users\crist\AppData\Roaming\npm;%USERPROFILE%\AppData\Local\Microsoft\WindowsApps;C:\Cris\programas\desarrollo\wollok-win32.win32.x86_64;
USERNAME=crist
OS=Windows_NT
PROCESSOR_IDENTIFIER=AMD64 Family 23 Model 104 Stepping 1, AuthenticAMD



---------------  S Y S T E M  ---------------

OS: Windows 11 , 64 bit Build 22621 (10.0.22621.3672)

CPU:total 16 (initial active 16) (16 cores per cpu, 1 threads per core) family 23 model 104 stepping 1, cmov, cx8, fxsr, mmx, sse, sse2, sse3, ssse3, sse4.1, sse4.2, popcnt, avx, avx2, aes, clmul, mmxext, 3dnowpref, lzcnt, sse4a, tsc, tscinvbit, tscinv, bmi1

Memory: 4k page, physical 6149880k(1038624k free), swap 16635640k(4728032k free)

vm_info: OpenJDK 64-Bit Server VM (25.402-b06) for windows-amd64 JRE (1.8.0_402-b06), built on Jan 16 2024 21:53:06 by "jenkins" with MS VC++ 15.9 (VS2017)

time: Sun Jun 30 13:37:05 2024
timezone: Hora estándar de Argentina
elapsed time: 3.619298 seconds (0d 0h 0m 3s)

